../../Meehan_TB/ERR2706910_1.fastq.gz&../../Meehan_TB/ERR2706910_2.fastq.gz	1111111000001111111111010000000000110001111	774077750003071
../../Meehan_TB/ERR2706911_1.fastq.gz&../../Meehan_TB/ERR2706911_2.fastq.gz	1111110000000000000000000111111100001111111	770000003760771
../../Meehan_TB/ERR2706912_1.fastq.gz&../../Meehan_TB/ERR2706912_2.fastq.gz	1101111111111111111101111111011100001101111	677777677560671
../../Meehan_TB/ERR2706913_1.fastq.gz&../../Meehan_TB/ERR2706913_2.fastq.gz	1111111111110000111000000000000000000111100	777703400000360
../../Meehan_TB/ERR2706914_1.fastq.gz&../../Meehan_TB/ERR2706914_2.fastq.gz	1111111000001111111111010000000000110001111	774077750003071
../../Meehan_TB/ERR2706915_1.fastq.gz&../../Meehan_TB/ERR2706915_2.fastq.gz	1111111111111111111111111111111100001110111	777777777760731
../../Meehan_TB/ERR2706916_1.fastq.gz&../../Meehan_TB/ERR2706916_2.fastq.gz	1111111111111111111111111110111100001110111	777777777360731
../../Meehan_TB/ERR2706917_1.fastq.gz&../../Meehan_TB/ERR2706917_2.fastq.gz	1111111111111111111111111111111000001111111	777777777740771
../../Meehan_TB/ERR2706918_1.fastq.gz&../../Meehan_TB/ERR2706918_2.fastq.gz	1111111100011111111000000000000000000011111	776177400000171
../../Meehan_TB/ERR2706919_1.fastq.gz&../../Meehan_TB/ERR2706919_2.fastq.gz	1111111111111111111111111111111100001110111	777777777760731
../../Meehan_TB/ERR2706920_1.fastq.gz&../../Meehan_TB/ERR2706920_2.fastq.gz	1111111111111111111111111111111100001110111	777777777760731
../../Meehan_TB/ERR2706921_1.fastq.gz&../../Meehan_TB/ERR2706921_2.fastq.gz	1111111111111111111111111111111100001110111	777777777760731
../../Meehan_TB/ERR2706922_1.fastq.gz&../../Meehan_TB/ERR2706922_2.fastq.gz	1101111111111111111100001111111100001111111	677777607760771
../../Meehan_TB/ERR2706923_1.fastq.gz&../../Meehan_TB/ERR2706923_2.fastq.gz	1111111111111111111111111111111100001111111	777777777760771
../../Meehan_TB/ERR2706924_1.fastq.gz&../../Meehan_TB/ERR2706924_2.fastq.gz	0000000000000000000000001111111100001110111	000000007760731
../../Meehan_TB/ERR2706925_1.fastq.gz&../../Meehan_TB/ERR2706925_2.fastq.gz	1111111111111111111111111111111100001110111	777777777760731
../../Meehan_TB/ERR2706926_1.fastq.gz&../../Meehan_TB/ERR2706926_2.fastq.gz	1111111111111111111111111111111100001110111	777777777760731
../../Meehan_TB/ERR2706927_1.fastq.gz&../../Meehan_TB/ERR2706927_2.fastq.gz	1111110000000000000000000111111100101111111	770000003762771
../../Meehan_TB/ERR2706928_1.fastq.gz&../../Meehan_TB/ERR2706928_2.fastq.gz	1111111000001111111111110000000000110000011	774077770003011
../../Meehan_TB/ERR2706929_1.fastq.gz&../../Meehan_TB/ERR2706929_2.fastq.gz	1101111111111111111100001111111100001111111	677777607760771
../../Meehan_TB/ERR2706930_1.fastq.gz&../../Meehan_TB/ERR2706930_2.fastq.gz	1111111000001111111111010000000000110001111	774077750003071
../../Meehan_TB/ERR2706931_1.fastq.gz&../../Meehan_TB/ERR2706931_2.fastq.gz	1111110000000000000000000111111100001111111	770000003760771
../../Meehan_TB/ERR2706932_1.fastq.gz&../../Meehan_TB/ERR2706932_2.fastq.gz	1100000011111111011100001111111100001111111	601775607760771
../../Meehan_TB/ERR2706933_1.fastq.gz&../../Meehan_TB/ERR2706933_2.fastq.gz	1101111111111111111100001111111100001111111	677777607760771
../../Meehan_TB/ERR2706934_1.fastq.gz&../../Meehan_TB/ERR2706934_2.fastq.gz	1111111100011111111000000000000000000011111	776177400000171
../../Meehan_TB/ERR2706935_1.fastq.gz&../../Meehan_TB/ERR2706935_2.fastq.gz	1111110000000000000000000111111100001111111	770000003760771
../../Meehan_TB/ERR2706936_1.fastq.gz&../../Meehan_TB/ERR2706936_2.fastq.gz	1100000011111111011100001111111100001111111	601775607760771
../../Meehan_TB/ERR2706937_1.fastq.gz&../../Meehan_TB/ERR2706937_2.fastq.gz	1111111100011111111000000000000000000011111	776177400000171
../../Meehan_TB/ERR2706938_1.fastq.gz&../../Meehan_TB/ERR2706938_2.fastq.gz	1111111111110000111100001111111100001011111	777703607760571
../../Meehan_TB/ERR2706940_1.fastq.gz&../../Meehan_TB/ERR2706940_2.fastq.gz	1000001111111111111111111111111100001111111	407777777760771
../../Meehan_TB/ERR2706941_1.fastq.gz&../../Meehan_TB/ERR2706941_2.fastq.gz	1111111111111111111111111111111100001000011	777777777760411
../../Meehan_TB/ERR2706942_1.fastq.gz&../../Meehan_TB/ERR2706942_2.fastq.gz	1111111111111111111111111111111100001110111	777777777760731
../../Meehan_TB/ERR2706943_1.fastq.gz&../../Meehan_TB/ERR2706943_2.fastq.gz	1111110000000000000000000111111100001111111	770000003760771
../../Meehan_TB/ERR2706944_1.fastq.gz&../../Meehan_TB/ERR2706944_2.fastq.gz	1111111111111111111111111110111100001110111	777777777360731
../../Meehan_TB/ERR2706945_1.fastq.gz&../../Meehan_TB/ERR2706945_2.fastq.gz	1111111000001111111111010000000000110001111	774077750003071
../../Meehan_TB/ERR2706946_1.fastq.gz&../../Meehan_TB/ERR2706946_2.fastq.gz	1111111100011111111000000000000000000011111	776177400000171
../../Meehan_TB/ERR2706947_1.fastq.gz&../../Meehan_TB/ERR2706947_2.fastq.gz	1111111111110000111000000000000000000111100	777703400000360
../../Meehan_TB/ERR2706948_1.fastq.gz&../../Meehan_TB/ERR2706948_2.fastq.gz	1111111111111111111111111110111100001110111	777777777360731
../../Meehan_TB/ERR2706949_1.fastq.gz&../../Meehan_TB/ERR2706949_2.fastq.gz	1111111111111111111100001111111100001111111	777777607760771
../../Meehan_TB/ERR2706950_1.fastq.gz&../../Meehan_TB/ERR2706950_2.fastq.gz	1111111000001111111111110000000000110001111	774077770003071
../../Meehan_TB/ERR2706951_1.fastq.gz&../../Meehan_TB/ERR2706951_2.fastq.gz	1111111111111111111100001111111100001111111	777777607760771
../../Meehan_TB/ERR2706952_1.fastq.gz&../../Meehan_TB/ERR2706952_2.fastq.gz	1111111111111111111100001111111100001111111	777777607760771
../../Meehan_TB/ERR2706953_1.fastq.gz&../../Meehan_TB/ERR2706953_2.fastq.gz	1111110000000000000000000111111100001111111	770000003760771
../../Meehan_TB/ERR2706954_1.fastq.gz&../../Meehan_TB/ERR2706954_2.fastq.gz	1111110000000000000000000111111100001111111	770000003760771
../../Meehan_TB/ERR2706955_1.fastq.gz&../../Meehan_TB/ERR2706955_2.fastq.gz	1111110000000000000000000111111100001111111	770000003760771
../../Meehan_TB/ERR2706956_1.fastq.gz&../../Meehan_TB/ERR2706956_2.fastq.gz	1111111100011111111000000000000000000011111	776177400000171
../../Meehan_TB/ERR2706957_1.fastq.gz&../../Meehan_TB/ERR2706957_2.fastq.gz	1111111111111111111100001111111100001111111	777777607760771
../../Meehan_TB/ERR2706958_1.fastq.gz&../../Meehan_TB/ERR2706958_2.fastq.gz	1111111100011111111000000000000000000011111	776177400000171
../../Meehan_TB/ERR2706959_1.fastq.gz&../../Meehan_TB/ERR2706959_2.fastq.gz	1111111111011111111111111111111100001110111	777577777760731
../../Meehan_TB/ERR2706960_1.fastq.gz&../../Meehan_TB/ERR2706960_2.fastq.gz	1111111111111100000111111111111100001110111	777760377760731
../../Meehan_TB/ERR2706961_1.fastq.gz&../../Meehan_TB/ERR2706961_2.fastq.gz	1111111111110000111000000000000000000111100	777703400000360
../../Meehan_TB/ERR2706962_1.fastq.gz&../../Meehan_TB/ERR2706962_2.fastq.gz	1100000011111111011100001111111100001111111	601775607760771
../../Meehan_TB/ERR2706963_1.fastq.gz&../../Meehan_TB/ERR2706963_2.fastq.gz	1111111100011111111000000000000000000011111	776177400000171
../../Meehan_TB/ERR2706964_1.fastq.gz&../../Meehan_TB/ERR2706964_2.fastq.gz	1111111111111111111100001111011100001111111	777777607560771
../../Meehan_TB/ERR2706965_1.fastq.gz&../../Meehan_TB/ERR2706965_2.fastq.gz	1100000011111111011100001111111100001111111	601775607760771
../../Meehan_TB/ERR2706966_1.fastq.gz&../../Meehan_TB/ERR2706966_2.fastq.gz	1111111111111111111111111111111100001111111	777777777760771
../../Meehan_TB/ERR2706967_1.fastq.gz&../../Meehan_TB/ERR2706967_2.fastq.gz	1111111111111111111100001111111100001011111	777777607760571
../../Meehan_TB/ERR2706968_1.fastq.gz&../../Meehan_TB/ERR2706968_2.fastq.gz	1111111111111111111111111111111100001110111	777777777760731
../../Meehan_TB/ERR2706969_1.fastq.gz&../../Meehan_TB/ERR2706969_2.fastq.gz	1101111111111111111100001111111100001111111	677777607760771
../../Meehan_TB/ERR2706970_1.fastq.gz&../../Meehan_TB/ERR2706970_2.fastq.gz	1101111111111111111100001111111100001111111	677777607760771
../../Meehan_TB/ERR2706971_1.fastq.gz&../../Meehan_TB/ERR2706971_2.fastq.gz	1111111111111111111111111111111100001111111	777777777760771
../../Meehan_TB/ERR2706972_1.fastq.gz&../../Meehan_TB/ERR2706972_2.fastq.gz	1111111111111111111100000111011100001111111	777777603560771
../../Meehan_TB/ERR2706973_1.fastq.gz&../../Meehan_TB/ERR2706973_2.fastq.gz	1101111111111111111100001111111100001111111	677777607760771
../../Meehan_TB/ERR2706974_1.fastq.gz&../../Meehan_TB/ERR2706974_2.fastq.gz	1111111111011111111100001111111100001111111	777577607760771
../../Meehan_TB/ERR2706975_1.fastq.gz&../../Meehan_TB/ERR2706975_2.fastq.gz	1111111111111111111111111111111100001110111	777777777760731
../../Meehan_TB/ERR2706976_1.fastq.gz&../../Meehan_TB/ERR2706976_2.fastq.gz	1111111100011111111000000000000000000011111	776177400000171
../../Meehan_TB/ERR2706977_1.fastq.gz&../../Meehan_TB/ERR2706977_2.fastq.gz	1111110000000000000000000111111100001111111	770000003760771
../../Meehan_TB/ERR2706978_1.fastq.gz&../../Meehan_TB/ERR2706978_2.fastq.gz	1111111000001111111111010000000000110001111	774077750003071
../../Meehan_TB/ERR2706979_1.fastq.gz&../../Meehan_TB/ERR2706979_2.fastq.gz	1111111100011111111000000000000000000011111	776177400000171
../../Meehan_TB/ERR2706980_1.fastq.gz&../../Meehan_TB/ERR2706980_2.fastq.gz	1111110000000000000000000111111100001111111	770000003760771
../../Meehan_TB/ERR2706981_1.fastq.gz&../../Meehan_TB/ERR2706981_2.fastq.gz	1111111111110111111100000111011100001111111	777737603560771
../../Meehan_TB/ERR2706982_1.fastq.gz&../../Meehan_TB/ERR2706982_2.fastq.gz	1101111111111111111100001111111100001111111	677777607760771
../../Meehan_TB/ERR2706983_1.fastq.gz&../../Meehan_TB/ERR2706983_2.fastq.gz	1111111111111111111100000111011100001111111	777777603560771
../../Meehan_TB/ERR2706984_1.fastq.gz&../../Meehan_TB/ERR2706984_2.fastq.gz	1111111111111111111100001111111100001111111	777777607760771
../../Meehan_TB/ERR2706985_1.fastq.gz&../../Meehan_TB/ERR2706985_2.fastq.gz	1111111111111111111100001111111100001111111	777777607760771
../../Meehan_TB/ERR2706986_1.fastq.gz&../../Meehan_TB/ERR2706986_2.fastq.gz	1111111111111111111100001111111100001111111	777777607760771
../../Meehan_TB/ERR2706987_1.fastq.gz&../../Meehan_TB/ERR2706987_2.fastq.gz	1111111111111111111111111111111100001111111	777777777760771
../../Meehan_TB/ERR2706988_1.fastq.gz&../../Meehan_TB/ERR2706988_2.fastq.gz	1111111111111111111100001111011100001111111	777777607560771
../../Meehan_TB/ERR2706989_1.fastq.gz&../../Meehan_TB/ERR2706989_2.fastq.gz	1111111111111111111100001111111100001111111	777777607760771
../../Meehan_TB/ERR2706990_1.fastq.gz&../../Meehan_TB/ERR2706990_2.fastq.gz	1111111111111111111111111111111100001110111	777777777760731
../../Meehan_TB/ERR2706991_1.fastq.gz&../../Meehan_TB/ERR2706991_2.fastq.gz	1111110000000000000000000111111100001111111	770000003760771
../../Meehan_TB/ERR2706992_1.fastq.gz&../../Meehan_TB/ERR2706992_2.fastq.gz	1111111111111111111100001111111100001111111	777777607760771
../../Meehan_TB/ERR2706993_1.fastq.gz&../../Meehan_TB/ERR2706993_2.fastq.gz	1111111111111111111111111111111100001110111	777777777760731
../../Meehan_TB/ERR2706994_1.fastq.gz&../../Meehan_TB/ERR2706994_2.fastq.gz	1011111111110111111111111111111100001110111	577737777760731
../../Meehan_TB/ERR2706995_1.fastq.gz&../../Meehan_TB/ERR2706995_2.fastq.gz	1111111111111111111100001111111100001111111	777777607760771
../../Meehan_TB/ERR2706996_1.fastq.gz&../../Meehan_TB/ERR2706996_2.fastq.gz	1110000111111111111111000000000000111111111	703777740003771
../../Meehan_TB/ERR2706997_1.fastq.gz&../../Meehan_TB/ERR2706997_2.fastq.gz	1111111100011111111000000000000000000011111	776177400000171
../../Meehan_TB/ERR2706998_1.fastq.gz&../../Meehan_TB/ERR2706998_2.fastq.gz	1111111111111111111100001111011100001111111	777777607560771
../../Meehan_TB/ERR2706999_1.fastq.gz&../../Meehan_TB/ERR2706999_2.fastq.gz	1111110000000000000000000111111100001111111	770000003760771
../../Meehan_TB/ERR2707000_1.fastq.gz&../../Meehan_TB/ERR2707000_2.fastq.gz	1111111111110111111111111111111100001110111	777737777760731
../../Meehan_TB/ERR2707001_1.fastq.gz&../../Meehan_TB/ERR2707001_2.fastq.gz	1111111111011111111100000000000000001111111	777577600000771
../../Meehan_TB/ERR2707002_1.fastq.gz&../../Meehan_TB/ERR2707002_2.fastq.gz	1111111000001111111111010000000000110001111	774077750003071
../../Meehan_TB/ERR2707003_1.fastq.gz&../../Meehan_TB/ERR2707003_2.fastq.gz	1111000011110000111111111111111100001111111	741703777760771
../../Meehan_TB/ERR2707004_1.fastq.gz&../../Meehan_TB/ERR2707004_2.fastq.gz	1111111111111111111100001111111100001111111	777777607760771
../../Meehan_TB/ERR2707005_1.fastq.gz&../../Meehan_TB/ERR2707005_2.fastq.gz	1111111111111111111111100000001100001111111	777777760060771
../../Meehan_TB/ERR2707006_1.fastq.gz&../../Meehan_TB/ERR2707006_2.fastq.gz	1000001111111111111111111111111100001111111	407777777760771
../../Meehan_TB/ERR2707007_1.fastq.gz&../../Meehan_TB/ERR2707007_2.fastq.gz	1111111111111111111100001111111100001011111	777777607760571
../../Meehan_TB/ERR2707008_1.fastq.gz&../../Meehan_TB/ERR2707008_2.fastq.gz	1111111111111111111111111110111100001110111	777777777360731
../../Meehan_TB/ERR2707009_1.fastq.gz&../../Meehan_TB/ERR2707009_2.fastq.gz	1111111111111111111111111111111100001110111	777777777760731
../../Meehan_TB/ERR2707010_1.fastq.gz&../../Meehan_TB/ERR2707010_2.fastq.gz	1101111111111111111100001111111100001111111	677777607760771
../../Meehan_TB/ERR2707011_1.fastq.gz&../../Meehan_TB/ERR2707011_2.fastq.gz	1111110000000000000000000111111100001111111	770000003760771
../../Meehan_TB/ERR2707012_1.fastq.gz&../../Meehan_TB/ERR2707012_2.fastq.gz	1111111111111111111111111111111100001110111	777777777760731
../../Meehan_TB/ERR2707013_1.fastq.gz&../../Meehan_TB/ERR2707013_2.fastq.gz	1111111111111111111100001111111100001111111	777777607760771
../../Meehan_TB/ERR2707014_1.fastq.gz&../../Meehan_TB/ERR2707014_2.fastq.gz	1111110000000000000000000111111100001111111	770000003760771
../../Meehan_TB/ERR2707015_1.fastq.gz&../../Meehan_TB/ERR2707015_2.fastq.gz	1111111000001111111111010000000000110001111	774077750003071
../../Meehan_TB/ERR2707016_1.fastq.gz&../../Meehan_TB/ERR2707016_2.fastq.gz	1111111111111111111111111111111100001110111	777777777760731
../../Meehan_TB/ERR2707017_1.fastq.gz&../../Meehan_TB/ERR2707017_2.fastq.gz	1111111111111111111111000111111100001110111	777777743760731
../../Meehan_TB/ERR2707018_1.fastq.gz&../../Meehan_TB/ERR2707018_2.fastq.gz	1111111111111111111100001111111100001111111	777777607760771
../../Meehan_TB/ERR2707019_1.fastq.gz&../../Meehan_TB/ERR2707019_2.fastq.gz	1111111111111111111111111111111100001111111	777777777760771
../../Meehan_TB/ERR2707020_1.fastq.gz&../../Meehan_TB/ERR2707020_2.fastq.gz	1111111111111111111111111111111100001110111	777777777760731
../../Meehan_TB/ERR2707021_1.fastq.gz&../../Meehan_TB/ERR2707021_2.fastq.gz	1111111111110111111100001111111100001111111	777737607760771
../../Meehan_TB/ERR2707022_1.fastq.gz&../../Meehan_TB/ERR2707022_2.fastq.gz	1111111111110111111111111111111100001110111	777737777760731
../../Meehan_TB/ERR2707023_1.fastq.gz&../../Meehan_TB/ERR2707023_2.fastq.gz	1111111111111111111111000111111100001111111	777777743760771
../../Meehan_TB/ERR2707024_1.fastq.gz&../../Meehan_TB/ERR2707024_2.fastq.gz	1111111111111111111111111111111100001110111	777777777760731
../../Meehan_TB/ERR2707025_1.fastq.gz&../../Meehan_TB/ERR2707025_2.fastq.gz	1101111111111111111100001111111100001111111	677777607760771
../../Meehan_TB/ERR2707026_1.fastq.gz&../../Meehan_TB/ERR2707026_2.fastq.gz	1111111111111111111111111111111100001110111	777777777760731
../../Meehan_TB/ERR2707027_1.fastq.gz&../../Meehan_TB/ERR2707027_2.fastq.gz	1111111111110000111000000000000000000111100	777703400000360
../../Meehan_TB/ERR2707028_1.fastq.gz&../../Meehan_TB/ERR2707028_2.fastq.gz	1111111100011111111000000000000000000011111	776177400000171
../../Meehan_TB/ERR2707029_1.fastq.gz&../../Meehan_TB/ERR2707029_2.fastq.gz	1111111111110111111111111111111100001110111	777737777760731
../../Meehan_TB/ERR2707030_1.fastq.gz&../../Meehan_TB/ERR2707030_2.fastq.gz	1111111111111111111100000111011100001111111	777777603560771
../../Meehan_TB/ERR2707031_1.fastq.gz&../../Meehan_TB/ERR2707031_2.fastq.gz	1111110000000000000000000111111100001111111	770000003760771
../../Meehan_TB/ERR2707032_1.fastq.gz&../../Meehan_TB/ERR2707032_2.fastq.gz	1111111100011111111000000000000000000011111	776177400000171
../../Meehan_TB/ERR2707033_1.fastq.gz&../../Meehan_TB/ERR2707033_2.fastq.gz	1111110000000000000000000111111100001111111	770000003760771
../../Meehan_TB/ERR2707034_1.fastq.gz&../../Meehan_TB/ERR2707034_2.fastq.gz	1111111100011111111000000000000000000011111	776177400000171
../../Meehan_TB/ERR2707035_1.fastq.gz&../../Meehan_TB/ERR2707035_2.fastq.gz	1111111000001111111111110000000000110000011	774077770003011
../../Meehan_TB/ERR2707036_1.fastq.gz&../../Meehan_TB/ERR2707036_2.fastq.gz	1101111111111111111100001111111100001111111	677777607760771
../../Meehan_TB/ERR2707038_1.fastq.gz&../../Meehan_TB/ERR2707038_2.fastq.gz	1111000000000000000000001111111100001110111	740000007760731
../../Meehan_TB/ERR2707039_1.fastq.gz&../../Meehan_TB/ERR2707039_2.fastq.gz	1111110000000000000000000111111100001111111	770000003760771
../../Meehan_TB/ERR2707040_1.fastq.gz&../../Meehan_TB/ERR2707040_2.fastq.gz	1111110000000000000000000111111100001111111	770000003760771
../../Meehan_TB/ERR2707041_1.fastq.gz&../../Meehan_TB/ERR2707041_2.fastq.gz	1111111111110111111111111111111100001110111	777737777760731
../../Meehan_TB/ERR2707042_1.fastq.gz&../../Meehan_TB/ERR2707042_2.fastq.gz	1101111111110111111100001111111100001111111	677737607760771
../../Meehan_TB/ERR2707043_1.fastq.gz&../../Meehan_TB/ERR2707043_2.fastq.gz	1111111111011111111100001111111100001111111	777577607760771
../../Meehan_TB/ERR2707044_1.fastq.gz&../../Meehan_TB/ERR2707044_2.fastq.gz	1111110000000000000000000111111100001111111	770000003760771
../../Meehan_TB/ERR2707045_1.fastq.gz&../../Meehan_TB/ERR2707045_2.fastq.gz	1111111111110000111000000000000000000111100	777703400000360
../../Meehan_TB/ERR2707046_1.fastq.gz&../../Meehan_TB/ERR2707046_2.fastq.gz	1111111100011111111000000000000000000011111	776177400000171
../../Meehan_TB/ERR2707047_1.fastq.gz&../../Meehan_TB/ERR2707047_2.fastq.gz	1111111111110000111000000000000000000111100	777703400000360
../../Meehan_TB/ERR2707048_1.fastq.gz&../../Meehan_TB/ERR2707048_2.fastq.gz	1111110000000000000000000111111100001111111	770000003760771
../../Meehan_TB/ERR2707049_1.fastq.gz&../../Meehan_TB/ERR2707049_2.fastq.gz	1111110000000000000000000111111100001111111	770000003760771
../../Meehan_TB/ERR2707050_1.fastq.gz&../../Meehan_TB/ERR2707050_2.fastq.gz	1111110000000000000000000111111100001111111	770000003760771
../../Meehan_TB/ERR2707051_1.fastq.gz&../../Meehan_TB/ERR2707051_2.fastq.gz	1111111111111111111111111111111100001110111	777777777760731
../../Meehan_TB/ERR2707052_1.fastq.gz&../../Meehan_TB/ERR2707052_2.fastq.gz	1111111111111111111111111111111100001110111	777777777760731
../../Meehan_TB/ERR2707053_1.fastq.gz&../../Meehan_TB/ERR2707053_2.fastq.gz	1111111111111111111111111111111100001110111	777777777760731
../../Meehan_TB/ERR2707054_1.fastq.gz&../../Meehan_TB/ERR2707054_2.fastq.gz	1111111111110000111000000000000000000111100	777703400000360
../../Meehan_TB/ERR2707055_1.fastq.gz&../../Meehan_TB/ERR2707055_2.fastq.gz	1111111111110111111111111111111100001110111	777737777760731
../../Meehan_TB/ERR2707056_1.fastq.gz&../../Meehan_TB/ERR2707056_2.fastq.gz	1111111111111111111101100111111100001110111	777777663760731
../../Meehan_TB/ERR2707057_1.fastq.gz&../../Meehan_TB/ERR2707057_2.fastq.gz	1111111111111111111111111111111100001110111	777777777760731
../../Meehan_TB/ERR2707058_1.fastq.gz&../../Meehan_TB/ERR2707058_2.fastq.gz	1111111111110000111000000000000000000111100	777703400000360
../../Meehan_TB/ERR2707059_1.fastq.gz&../../Meehan_TB/ERR2707059_2.fastq.gz	1111111111111111111100001111111100001111111	777777607760771
../../Meehan_TB/ERR2707060_1.fastq.gz&../../Meehan_TB/ERR2707060_2.fastq.gz	1111111111111111111111111111111100001110111	777777777760731
../../Meehan_TB/ERR2707061_1.fastq.gz&../../Meehan_TB/ERR2707061_2.fastq.gz	1111111111111111111100001111111100001111111	777777607760771
../../Meehan_TB/ERR2707062_1.fastq.gz&../../Meehan_TB/ERR2707062_2.fastq.gz	1111111111111111111111111110111100001111111	777777777360771
../../Meehan_TB/ERR2707063_1.fastq.gz&../../Meehan_TB/ERR2707063_2.fastq.gz	1111111111111111111100001111111100001011111	777777607760571
../../Meehan_TB/ERR2707064_1.fastq.gz&../../Meehan_TB/ERR2707064_2.fastq.gz	1111111111111111111100001100001100001111111	777777606060771
../../Meehan_TB/ERR2707065_1.fastq.gz&../../Meehan_TB/ERR2707065_2.fastq.gz	1111110000000000000000000111111100001110111	770000003760731
../../Meehan_TB/ERR2707066_1.fastq.gz&../../Meehan_TB/ERR2707066_2.fastq.gz	1111111000001111111111010000000000110001111	774077750003071
../../Meehan_TB/ERR2707067_1.fastq.gz&../../Meehan_TB/ERR2707067_2.fastq.gz	1111111000001111111111110000000000110000011	774077770003011
../../Meehan_TB/ERR2707068_1.fastq.gz&../../Meehan_TB/ERR2707068_2.fastq.gz	1111111111110000111000000000000000000111100	777703400000360
../../Meehan_TB/ERR2707069_1.fastq.gz&../../Meehan_TB/ERR2707069_2.fastq.gz	1111111111111111111100001111011100001110111	777777607560731
../../Meehan_TB/ERR2707070_1.fastq.gz&../../Meehan_TB/ERR2707070_2.fastq.gz	1111111111111111111111111111111100001110111	777777777760731
../../Meehan_TB/ERR2707071_1.fastq.gz&../../Meehan_TB/ERR2707071_2.fastq.gz	1101111111110111111100001111111100001111111	677737607760771
../../Meehan_TB/ERR2707072_1.fastq.gz&../../Meehan_TB/ERR2707072_2.fastq.gz	1101111111111111111111111111111100001110111	677777777760731
../../Meehan_TB/ERR2707073_1.fastq.gz&../../Meehan_TB/ERR2707073_2.fastq.gz	1111111111111111111111111111111100001111111	777777777760771
../../Meehan_TB/ERR2707074_1.fastq.gz&../../Meehan_TB/ERR2707074_2.fastq.gz	1111111111111111111111111110111100001110111	777777777360731
../../Meehan_TB/ERR2707075_1.fastq.gz&../../Meehan_TB/ERR2707075_2.fastq.gz	1111111111111110111100001111011100001111111	777773607560771
../../Meehan_TB/ERR2707076_1.fastq.gz&../../Meehan_TB/ERR2707076_2.fastq.gz	0000000000000000000000001111111100001110111	000000007760731
../../Meehan_TB/ERR2707077_1.fastq.gz&../../Meehan_TB/ERR2707077_2.fastq.gz	0000000000000000000000001111111100001110111	000000007760731
../../Meehan_TB/ERR2707078_1.fastq.gz&../../Meehan_TB/ERR2707078_2.fastq.gz	1111111111111111111100001111111100001111111	777777607760771
../../Meehan_TB/ERR2707079_1.fastq.gz&../../Meehan_TB/ERR2707079_2.fastq.gz	1111111111111111111100001111111100001111111	777777607760771
../../Meehan_TB/ERR2707080_1.fastq.gz&../../Meehan_TB/ERR2707080_2.fastq.gz	1111111111111111101111111111111100001100001	777776777760601
../../Meehan_TB/ERR2707081_1.fastq.gz&../../Meehan_TB/ERR2707081_2.fastq.gz	1111111111011111111100001111111100001111111	777577607760771
../../Meehan_TB/ERR2707082_1.fastq.gz&../../Meehan_TB/ERR2707082_2.fastq.gz	1111110000000000000000000111111100001111111	770000003760771
../../Meehan_TB/ERR2707083_1.fastq.gz&../../Meehan_TB/ERR2707083_2.fastq.gz	1111111111111111111111111111111100001110111	777777777760731
../../Meehan_TB/ERR2707084_1.fastq.gz&../../Meehan_TB/ERR2707084_2.fastq.gz	1111111111011111111111111111111100001110111	777577777760731
../../Meehan_TB/ERR2707085_1.fastq.gz&../../Meehan_TB/ERR2707085_2.fastq.gz	1111111111110111110111111111111100001110111	777737377760731
../../Meehan_TB/ERR2707086_1.fastq.gz&../../Meehan_TB/ERR2707086_2.fastq.gz	1111111111110000111000000000000000000111100	777703400000360
../../Meehan_TB/ERR2707087_1.fastq.gz&../../Meehan_TB/ERR2707087_2.fastq.gz	1111110000000000000000000111111100001111111	770000003760771
../../Meehan_TB/ERR2707088_1.fastq.gz&../../Meehan_TB/ERR2707088_2.fastq.gz	1100000011111111011100001111111100001111111	601775607760771
../../Meehan_TB/ERR2707089_1.fastq.gz&../../Meehan_TB/ERR2707089_2.fastq.gz	1101111111111111111100001111111100001111111	677777607760771
../../Meehan_TB/ERR2707090_1.fastq.gz&../../Meehan_TB/ERR2707090_2.fastq.gz	1111111100011111111000000000000000000011111	776177400000171
../../Meehan_TB/ERR2707091_1.fastq.gz&../../Meehan_TB/ERR2707091_2.fastq.gz	1111111111111111111111111111111100001110111	777777777760731
../../Meehan_TB/ERR2707092_1.fastq.gz&../../Meehan_TB/ERR2707092_2.fastq.gz	1111110000000000000000000111111100001111111	770000003760771
../../Meehan_TB/ERR2707093_1.fastq.gz&../../Meehan_TB/ERR2707093_2.fastq.gz	1111111100011111111000000000000000000011111	776177400000171
../../Meehan_TB/ERR2707094_1.fastq.gz&../../Meehan_TB/ERR2707094_2.fastq.gz	1111110000000000000000000111111100001111111	770000003760771
../../Meehan_TB/ERR2707095_1.fastq.gz&../../Meehan_TB/ERR2707095_2.fastq.gz	0000000000000000000000001111111100001110111	000000007760731
../../Meehan_TB/ERR2707096_1.fastq.gz&../../Meehan_TB/ERR2707096_2.fastq.gz	1111111111111111111111000111111100001111111	777777743760771
../../Meehan_TB/ERR2707097_1.fastq.gz&../../Meehan_TB/ERR2707097_2.fastq.gz	1111111000001111111111010000000000110001111	774077750003071
../../Meehan_TB/ERR2707098_1.fastq.gz&../../Meehan_TB/ERR2707098_2.fastq.gz	1111111110111111111100001111111100001011111	777377607760571
../../Meehan_TB/ERR2707099_1.fastq.gz&../../Meehan_TB/ERR2707099_2.fastq.gz	1111111111111111111111111111111100001110111	777777777760731
../../Meehan_TB/ERR2707100_1.fastq.gz&../../Meehan_TB/ERR2707100_2.fastq.gz	1111111111111111111100001111111100001011111	777777607760571
../../Meehan_TB/ERR2707101_1.fastq.gz&../../Meehan_TB/ERR2707101_2.fastq.gz	1111111111111111111111111110111100001110111	777777777360731
../../Meehan_TB/ERR2707102_1.fastq.gz&../../Meehan_TB/ERR2707102_2.fastq.gz	1111111111011111111100001111111100001111111	777577607760771
../../Meehan_TB/ERR2707103_1.fastq.gz&../../Meehan_TB/ERR2707103_2.fastq.gz	1111111111111111111100001111111100001111111	777777607760771
../../Meehan_TB/ERR2707104_1.fastq.gz&../../Meehan_TB/ERR2707104_2.fastq.gz	1111111111111111111111111111111100001110111	777777777760731
../../Meehan_TB/ERR2707105_1.fastq.gz&../../Meehan_TB/ERR2707105_2.fastq.gz	1100000011111111011100001111111100001111111	601775607760771
../../Meehan_TB/ERR2707106_1.fastq.gz&../../Meehan_TB/ERR2707106_2.fastq.gz	1110111111110000111000000000000000000111100	737703400000360
../../Meehan_TB/ERR2707107_1.fastq.gz&../../Meehan_TB/ERR2707107_2.fastq.gz	1111111111111111111100001111111100001111111	777777607760771
../../Meehan_TB/ERR2707108_1.fastq.gz&../../Meehan_TB/ERR2707108_2.fastq.gz	1111111111111111111111111111111100001110111	777777777760731
../../Meehan_TB/ERR2707109_1.fastq.gz&../../Meehan_TB/ERR2707109_2.fastq.gz	1111111111111111111111111111111100001110111	777777777760731
../../Meehan_TB/ERR2707110_1.fastq.gz&../../Meehan_TB/ERR2707110_2.fastq.gz	1111110000000000000000000111111100001111111	770000003760771
../../Meehan_TB/ERR2707111_1.fastq.gz&../../Meehan_TB/ERR2707111_2.fastq.gz	1111111111110111111111111111111100001110111	777737777760731
../../Meehan_TB/ERR2707112_1.fastq.gz&../../Meehan_TB/ERR2707112_2.fastq.gz	1111111100111111111111111111111100001111111	776377777760771
../../Meehan_TB/ERR2707113_1.fastq.gz&../../Meehan_TB/ERR2707113_2.fastq.gz	1111111111111111111100001100001100001111111	777777606060771
../../Meehan_TB/ERR2707114_1.fastq.gz&../../Meehan_TB/ERR2707114_2.fastq.gz	1101111111111111111100001111111100001111111	677777607760771
../../Meehan_TB/ERR2707115_1.fastq.gz&../../Meehan_TB/ERR2707115_2.fastq.gz	1111111111111111111100001111111100001011111	777777607760571
../../Meehan_TB/ERR2707116_1.fastq.gz&../../Meehan_TB/ERR2707116_2.fastq.gz	1111111111111111101111111111111100001100001	777776777760601
../../Meehan_TB/ERR2707117_1.fastq.gz&../../Meehan_TB/ERR2707117_2.fastq.gz	1111110000000000000000000111111100001111111	770000003760771
../../Meehan_TB/ERR2707118_1.fastq.gz&../../Meehan_TB/ERR2707118_2.fastq.gz	1111111100011111111000000000000000000011111	776177400000171
../../Meehan_TB/ERR2707119_1.fastq.gz&../../Meehan_TB/ERR2707119_2.fastq.gz	1111111111111111101111111111111100001111111	777776777760771
../../Meehan_TB/ERR2707120_1.fastq.gz&../../Meehan_TB/ERR2707120_2.fastq.gz	1111111111110111111111111111111100001110111	777737777760731
../../Meehan_TB/ERR2707121_1.fastq.gz&../../Meehan_TB/ERR2707121_2.fastq.gz	1111110000000000000000000111111100001111111	770000003760771
../../Meehan_TB/ERR2707122_1.fastq.gz&../../Meehan_TB/ERR2707122_2.fastq.gz	0000000000000000000000000000000000111111111	000000000003771
../../Meehan_TB/ERR2707123_1.fastq.gz&../../Meehan_TB/ERR2707123_2.fastq.gz	1111111111111111111111111111111100001110111	777777777760731
../../Meehan_TB/ERR2707124_1.fastq.gz&../../Meehan_TB/ERR2707124_2.fastq.gz	1111111111111111111111111111111100001110111	777777777760731
../../Meehan_TB/ERR2707125_1.fastq.gz&../../Meehan_TB/ERR2707125_2.fastq.gz	0111111111111111111100001100001100001001111	377777606060471
../../Meehan_TB/ERR2707126_1.fastq.gz&../../Meehan_TB/ERR2707126_2.fastq.gz	1111111111111111101111111111111100001111111	777776777760771
../../Meehan_TB/ERR2707127_1.fastq.gz&../../Meehan_TB/ERR2707127_2.fastq.gz	1111111111111111111111111111111100001110111	777777777760731
../../Meehan_TB/ERR2707128_1.fastq.gz&../../Meehan_TB/ERR2707128_2.fastq.gz	1111110000000000000000000111111100001111111	770000003760771
../../Meehan_TB/ERR2707129_1.fastq.gz&../../Meehan_TB/ERR2707129_2.fastq.gz	1111111111111111111111111110111100001110111	777777777360731
../../Meehan_TB/ERR2707130_1.fastq.gz&../../Meehan_TB/ERR2707130_2.fastq.gz	1111111100011111111000000000000000000011111	776177400000171
../../Meehan_TB/ERR2707131_1.fastq.gz&../../Meehan_TB/ERR2707131_2.fastq.gz	1101111111111111111100001111111100001111111	677777607760771
../../Meehan_TB/ERR2707132_1.fastq.gz&../../Meehan_TB/ERR2707132_2.fastq.gz	1111111111111111111111111111111100001110111	777777777760731
../../Meehan_TB/ERR2707133_1.fastq.gz&../../Meehan_TB/ERR2707133_2.fastq.gz	1111111111111111111101100111111100001110111	777777663760731
../../Meehan_TB/ERR2707134_1.fastq.gz&../../Meehan_TB/ERR2707134_2.fastq.gz	1111111100011111111000000000000000000011111	776177400000171
../../Meehan_TB/ERR2707135_1.fastq.gz&../../Meehan_TB/ERR2707135_2.fastq.gz	1111111111111111111100001111011100001111111	777777607560771
../../Meehan_TB/ERR2707136_1.fastq.gz&../../Meehan_TB/ERR2707136_2.fastq.gz	1111111111111111111100001111111100001111111	777777607760771
../../Meehan_TB/ERR2707137_1.fastq.gz&../../Meehan_TB/ERR2707137_2.fastq.gz	1100000011111111011100001111111100001111111	601775607760771
../../Meehan_TB/ERR2707138_1.fastq.gz&../../Meehan_TB/ERR2707138_2.fastq.gz	1111111000001111111111010000000000110001111	774077750003071
../../Meehan_TB/ERR2707139_1.fastq.gz&../../Meehan_TB/ERR2707139_2.fastq.gz	1111111111111111111100001111111100001111111	777777607760771
../../Meehan_TB/ERR2707140_1.fastq.gz&../../Meehan_TB/ERR2707140_2.fastq.gz	1111111100011111111000000000000000000011111	776177400000171
../../Meehan_TB/ERR2707141_1.fastq.gz&../../Meehan_TB/ERR2707141_2.fastq.gz	1111111111111111111100001111111100001111111	777777607760771
../../Meehan_TB/ERR2707142_1.fastq.gz&../../Meehan_TB/ERR2707142_2.fastq.gz	1111111111111111111111111111111100001110111	777777777760731
../../Meehan_TB/ERR2707143_1.fastq.gz&../../Meehan_TB/ERR2707143_2.fastq.gz	1111111111111111111100001111011100001110111	777777607560731
../../Meehan_TB/ERR2707144_1.fastq.gz&../../Meehan_TB/ERR2707144_2.fastq.gz	1111111111111111111111111111111100001111111	777777777760771
../../Meehan_TB/ERR2707145_1.fastq.gz&../../Meehan_TB/ERR2707145_2.fastq.gz	1111111111111111111100001111011100001111111	777777607560771
../../Meehan_TB/ERR2707146_1.fastq.gz&../../Meehan_TB/ERR2707146_2.fastq.gz	1111111111111111111100000111011100001111111	777777603560771
../../Meehan_TB/ERR2707147_1.fastq.gz&../../Meehan_TB/ERR2707147_2.fastq.gz	1111111111111111111100001111011100001001111	777777607560471
../../Meehan_TB/ERR2707148_1.fastq.gz&../../Meehan_TB/ERR2707148_2.fastq.gz	1111111111111111111111111111111100001110111	777777777760731
../../Meehan_TB/ERR2707149_1.fastq.gz&../../Meehan_TB/ERR2707149_2.fastq.gz	1111111111111111111111000111111100001111111	777777743760771
../../Meehan_TB/ERR2707150_1.fastq.gz&../../Meehan_TB/ERR2707150_2.fastq.gz	1111111111110000111000000000000000000111100	777703400000360
../../Meehan_TB/ERR2707151_1.fastq.gz&../../Meehan_TB/ERR2707151_2.fastq.gz	1111111111110111111111111111111100001110111	777737777760731
../../Meehan_TB/ERR2707152_1.fastq.gz&../../Meehan_TB/ERR2707152_2.fastq.gz	1111111111111111111100001111111100001111111	777777607760771
../../Meehan_TB/ERR2707153_1.fastq.gz&../../Meehan_TB/ERR2707153_2.fastq.gz	1111111111111111111100001111011100001111111	777777607560771
../../Meehan_TB/ERR2707154_1.fastq.gz&../../Meehan_TB/ERR2707154_2.fastq.gz	1111110000000000000000000111111100001111111	770000003760771
../../Meehan_TB/ERR2707155_1.fastq.gz&../../Meehan_TB/ERR2707155_2.fastq.gz	1000001111111111111111111111111100001111111	407777777760771
../../Meehan_TB/ERR2707156_1.fastq.gz&../../Meehan_TB/ERR2707156_2.fastq.gz	1111111111111111111100001111011100001001111	777777607560471
../../Meehan_TB/ERR2707157_1.fastq.gz&../../Meehan_TB/ERR2707157_2.fastq.gz	1111111100011111111000000000000000000011111	776177400000171
../../Meehan_TB/ERR2707158_1.fastq.gz&../../Meehan_TB/ERR2707158_2.fastq.gz	1111110101111111111111110000000000000000000	772777770000000
../../Meehan_TB/ERR2707159_1.fastq.gz&../../Meehan_TB/ERR2707159_2.fastq.gz	1111111111111111111111111111111100001111111	777777777760771
../../Meehan_TB/ERR2707160_1.fastq.gz&../../Meehan_TB/ERR2707160_2.fastq.gz	1111111111111111111100001111111100001111111	777777607760771
../../Meehan_TB/ERR2707161_1.fastq.gz&../../Meehan_TB/ERR2707161_2.fastq.gz	1111111111111111111111111111111100001110111	777777777760731
../../Meehan_TB/ERR2707162_1.fastq.gz&../../Meehan_TB/ERR2707162_2.fastq.gz	1111111111111111111100001111111100001111111	777777607760771
../../Meehan_TB/ERR2707163_1.fastq.gz&../../Meehan_TB/ERR2707163_2.fastq.gz	1101111101111111111100001111111100001110111	676777607760731
../../Meehan_TB/ERR2707164_1.fastq.gz&../../Meehan_TB/ERR2707164_2.fastq.gz	1111111100011111111000000000000000000011111	776177400000171
../../Meehan_TB/ERR2707165_1.fastq.gz&../../Meehan_TB/ERR2707165_2.fastq.gz	1111111111111111111100001111011100001111111	777777607560771
../../Meehan_TB/ERR2707166_1.fastq.gz&../../Meehan_TB/ERR2707166_2.fastq.gz	1101111111111111111100001111111100001111111	677777607760771
../../Meehan_TB/ERR2707167_1.fastq.gz&../../Meehan_TB/ERR2707167_2.fastq.gz	1111111111111111111100001111011100001111111	777777607560771
../../Meehan_TB/ERR2707168_1.fastq.gz&../../Meehan_TB/ERR2707168_2.fastq.gz	1111111111110111111111111111111100001110111	777737777760731
../../Meehan_TB/ERR2707169_1.fastq.gz&../../Meehan_TB/ERR2707169_2.fastq.gz	1111111111111111111100001100001100001111111	777777606060771
../../Meehan_TB/ERR2707170_1.fastq.gz&../../Meehan_TB/ERR2707170_2.fastq.gz	1111111000001111111111010000000000110001111	774077750003071
../../Meehan_TB/ERR2707171_1.fastq.gz&../../Meehan_TB/ERR2707171_2.fastq.gz	1111111111111111111100001111111100001111111	777777607760771
../../Meehan_TB/ERR2707172_1.fastq.gz&../../Meehan_TB/ERR2707172_2.fastq.gz	1111111111111111111100001111111100001111111	777777607760771
../../Meehan_TB/ERR2707173_1.fastq.gz&../../Meehan_TB/ERR2707173_2.fastq.gz	1111111111111111111100001111111100001011111	777777607760571
../../Meehan_TB/ERR2707174_1.fastq.gz&../../Meehan_TB/ERR2707174_2.fastq.gz	1111111111111111111111111111111100001110111	777777777760731
../../Meehan_TB/ERR2707175_1.fastq.gz&../../Meehan_TB/ERR2707175_2.fastq.gz	1111111111110000111000000000000000000111100	777703400000360
../../Meehan_TB/ERR2707176_1.fastq.gz&../../Meehan_TB/ERR2707176_2.fastq.gz	1101111111111111111100001111111100001111111	677777607760771
../../Meehan_TB/ERR2707177_1.fastq.gz&../../Meehan_TB/ERR2707177_2.fastq.gz	1111110000000000000000000111111100001111111	770000003760771
../../Meehan_TB/ERR2707178_1.fastq.gz&../../Meehan_TB/ERR2707178_2.fastq.gz	1111111111110111111100001100001100001111111	777737606060771
../../Meehan_TB/ERR2707179_1.fastq.gz&../../Meehan_TB/ERR2707179_2.fastq.gz	1111111111111111111100001111111100001111111	777777607760771
../../Meehan_TB/ERR2707180_1.fastq.gz&../../Meehan_TB/ERR2707180_2.fastq.gz	1101111111111111111100001111111100001111111	677777607760771
../../Meehan_TB/ERR2707181_1.fastq.gz&../../Meehan_TB/ERR2707181_2.fastq.gz	1111111111111111111100001111111100001111111	777777607760771
../../Meehan_TB/ERR2707182_1.fastq.gz&../../Meehan_TB/ERR2707182_2.fastq.gz	1111111100011111111000000000000000000011111	776177400000171
../../Meehan_TB/ERR2707183_1.fastq.gz&../../Meehan_TB/ERR2707183_2.fastq.gz	1111111111111111111111111110111100001110111	777777777360731
../../Meehan_TB/ERR2707184_1.fastq.gz&../../Meehan_TB/ERR2707184_2.fastq.gz	1111110000000000000000000111111100001111111	770000003760771
../../Meehan_TB/ERR2707185_1.fastq.gz&../../Meehan_TB/ERR2707185_2.fastq.gz	1111111111111111101111111111111100001100001	777776777760601
../../Meehan_TB/ERR2707186_1.fastq.gz&../../Meehan_TB/ERR2707186_2.fastq.gz	1111111111110000111000000000000000000111100	777703400000360
../../Meehan_TB/ERR2707187_1.fastq.gz&../../Meehan_TB/ERR2707187_2.fastq.gz	1101111111111111111100001111111100001111111	677777607760771
../../Meehan_TB/ERR2707188_1.fastq.gz&../../Meehan_TB/ERR2707188_2.fastq.gz	1111111111111111111111111111111100001110111	777777777760731
../../Meehan_TB/ERR2707189_1.fastq.gz&../../Meehan_TB/ERR2707189_2.fastq.gz	1111111100011111111000000000000000000011111	776177400000171
../../Meehan_TB/ERR2707190_1.fastq.gz&../../Meehan_TB/ERR2707190_2.fastq.gz	1111111111111111111100001100001100001111111	777777606060771
../../Meehan_TB/ERR2707191_1.fastq.gz&../../Meehan_TB/ERR2707191_2.fastq.gz	1101111111111111111100001111111100001111111	677777607760771
../../Meehan_TB/ERR2707192_1.fastq.gz&../../Meehan_TB/ERR2707192_2.fastq.gz	1111111111111111111100001111111100001111111	777777607760771
../../Meehan_TB/ERR2707193_1.fastq.gz&../../Meehan_TB/ERR2707193_2.fastq.gz	1111111110111111111111111110111100001110111	777377777360731
../../Meehan_TB/ERR2707194_1.fastq.gz&../../Meehan_TB/ERR2707194_2.fastq.gz	1111110000000000000000000111111100001111111	770000003760771
../../Meehan_TB/ERR2707195_1.fastq.gz&../../Meehan_TB/ERR2707195_2.fastq.gz	1111110000000000000000001111111100001111111	770000007760771
../../Meehan_TB/ERR2707196_1.fastq.gz&../../Meehan_TB/ERR2707196_2.fastq.gz	1111111111111111111100001111111100001111111	777777607760771
../../Meehan_TB/ERR2707197_1.fastq.gz&../../Meehan_TB/ERR2707197_2.fastq.gz	1111111111111111111100001111011100001111111	777777607560771
../../Meehan_TB/ERR2707198_1.fastq.gz&../../Meehan_TB/ERR2707198_2.fastq.gz	1111111111111111111111111110111100001110111	777777777360731
../../Meehan_TB/ERR2707199_1.fastq.gz&../../Meehan_TB/ERR2707199_2.fastq.gz	1111111111011111111100001111111100001111111	777577607760771
../../Meehan_TB/ERR2707200_1.fastq.gz&../../Meehan_TB/ERR2707200_2.fastq.gz	1111111111111111111111111110111100001110111	777777777360731
../../Meehan_TB/ERR2707201_1.fastq.gz&../../Meehan_TB/ERR2707201_2.fastq.gz	1111111111111111111111000111111100001111111	777777743760771
../../Meehan_TB/ERR2707202_1.fastq.gz&../../Meehan_TB/ERR2707202_2.fastq.gz	1111111111111111111100001100001100001110000	777777606060700
../../Meehan_TB/ERR2707203_1.fastq.gz&../../Meehan_TB/ERR2707203_2.fastq.gz	1101111111111111111100001111111100001111111	677777607760771
../../Meehan_TB/ERR2707204_1.fastq.gz&../../Meehan_TB/ERR2707204_2.fastq.gz	1111111111111111111100001111111100001111111	777777607760771
../../Meehan_TB/ERR2707205_1.fastq.gz&../../Meehan_TB/ERR2707205_2.fastq.gz	1101111101111111111100001111111100001110111	676777607760731
../../Meehan_TB/ERR2707206_1.fastq.gz&../../Meehan_TB/ERR2707206_2.fastq.gz	1111111111111111111111111111111100001110111	777777777760731
../../Meehan_TB/ERR2707207_1.fastq.gz&../../Meehan_TB/ERR2707207_2.fastq.gz	1111111111111111111100001111111100001111111	777777607760771
../../Meehan_TB/ERR2707208_1.fastq.gz&../../Meehan_TB/ERR2707208_2.fastq.gz	1101111111111111111100001111111100001111111	677777607760771
../../Meehan_TB/ERR2707209_1.fastq.gz&../../Meehan_TB/ERR2707209_2.fastq.gz	1111111111111111111100001111111100001111111	777777607760771
../../Meehan_TB/ERR2707210_1.fastq.gz&../../Meehan_TB/ERR2707210_2.fastq.gz	1111111111111111111100001111111100001111111	777777607760771
../../Meehan_TB/ERR2707211_1.fastq.gz&../../Meehan_TB/ERR2707211_2.fastq.gz	1111110000000000000000000111111100001111111	770000003760771
../../Meehan_TB/ERR2707212_1.fastq.gz&../../Meehan_TB/ERR2707212_2.fastq.gz	1111111111110111111100001011110000001111111	777737605700771
../../Meehan_TB/ERR2707213_1.fastq.gz&../../Meehan_TB/ERR2707213_2.fastq.gz	1111111111111111111111111111111100001111111	777777777760771
../../Meehan_TB/ERR2707214_1.fastq.gz&../../Meehan_TB/ERR2707214_2.fastq.gz	1111111111111111101111111111111100001111111	777776777760771
../../Meehan_TB/ERR2707215_1.fastq.gz&../../Meehan_TB/ERR2707215_2.fastq.gz	1111111111110111111111111111111100001110111	777737777760731
../../Meehan_TB/ERR2707216_1.fastq.gz&../../Meehan_TB/ERR2707216_2.fastq.gz	1101111111110111111100001111111100001111111	677737607760771
../../Meehan_TB/ERR2707217_1.fastq.gz&../../Meehan_TB/ERR2707217_2.fastq.gz	1111110000000000000000000111111100001111111	770000003760771
../../Meehan_TB/ERR2707218_1.fastq.gz&../../Meehan_TB/ERR2707218_2.fastq.gz	1111111111111111111111111111111100001110111	777777777760731
../../Meehan_TB/ERR2707219_1.fastq.gz&../../Meehan_TB/ERR2707219_2.fastq.gz	1111111111111111111100001111111100001011111	777777607760571
../../Meehan_TB/ERR2707220_1.fastq.gz&../../Meehan_TB/ERR2707220_2.fastq.gz	1111111100011111111000000000000000000011111	776177400000171
../../Meehan_TB/ERR2707221_1.fastq.gz&../../Meehan_TB/ERR2707221_2.fastq.gz	1111111111111111111100001111111100001011111	777777607760571
../../Meehan_TB/ERR2707222_1.fastq.gz&../../Meehan_TB/ERR2707222_2.fastq.gz	1111111111111111111100001100001100001111111	777777606060771
../../Meehan_TB/ERR2707223_1.fastq.gz&../../Meehan_TB/ERR2707223_2.fastq.gz	1111111111111100000111111111111100001110111	777760377760731
../../Meehan_TB/ERR2707224_1.fastq.gz&../../Meehan_TB/ERR2707224_2.fastq.gz	1111111111111111111111111111111100001110111	777777777760731
../../Meehan_TB/ERR2707225_1.fastq.gz&../../Meehan_TB/ERR2707225_2.fastq.gz	1111111111111111111100001111111100001111111	777777607760771
../../Meehan_TB/ERR2707226_1.fastq.gz&../../Meehan_TB/ERR2707226_2.fastq.gz	1111111111111111111111111111111100001110111	777777777760731
../../Meehan_TB/ERR2707227_1.fastq.gz&../../Meehan_TB/ERR2707227_2.fastq.gz	1101111111111111111100001111111100001111111	677777607760771
../../Meehan_TB/ERR2707228_1.fastq.gz&../../Meehan_TB/ERR2707228_2.fastq.gz	1111111111111111111100001111111100001011111	777777607760571
../../Meehan_TB/ERR2707229_1.fastq.gz&../../Meehan_TB/ERR2707229_2.fastq.gz	1111111100011111111000000000000000000011111	776177400000171
../../Meehan_TB/ERR2707230_1.fastq.gz&../../Meehan_TB/ERR2707230_2.fastq.gz	1101111111111111111100001111111100001111111	677777607760771
../../Meehan_TB/ERR2707231_1.fastq.gz&../../Meehan_TB/ERR2707231_2.fastq.gz	1111111111111111111100001111111100001111111	777777607760771
../../Meehan_TB/ERR2707232_1.fastq.gz&../../Meehan_TB/ERR2707232_2.fastq.gz	1111111111111111111100001111011100001111111	777777607560771
../../Meehan_TB/ERR2707233_1.fastq.gz&../../Meehan_TB/ERR2707233_2.fastq.gz	1101111111111111111100001111111100001111111	677777607760771
